=============== NOTE: '\' line wrapping per RFC 8792 ================

POST /path HTTP/1.1
Host: workload.example.com
Content-Type: application/json
Workload-Identity-Token: eyJhbGciOiJFUzI1NiIsImtpZCI6Ikp1bmUgNSIsInR\
5cCI6IndpbXNlLWlkK2p3dCJ9.eyJjbmYiOnsiandrIjp7ImFsZyI6IkVkRFNBIiwiY3\
J2IjoiRWQyNTUxOSIsImt0eSI6Ik9LUCIsIngiOiJ3WmtWUEhQQVF1Qk5fVUN2NllHdT\
cyWlRJLVFtS3BoMzZYQUVfTjBUWF84In19LCJleHAiOjE3NTE4OTMyMDAsImlhdCI6MT\
c1MTg4OTYwMCwiaXNzIjoiaHR0cHM6Ly9leGFtcGxlLmNvbSIsImp0aSI6IjEzZGQxYW\
FjMDRjZTJlYTI4NzdjNTU3OWNmYTJjNzhlIiwic3ViIjoid2ltc2U6Ly9leGFtcGxlLm\
NvbS9zcGVjaWZpYy13b3JrbG9hZCJ9.2ofF8-oFhV5iVIJfKtdEIb09dV2mrhIFwlCWI\
ldMlNz_jJwsiiIXDpge11PLJSP7_pM_vzmDbK_ENdTHKAfgew
Workload-Proof-Token: eyJhbGciOiJFZERTQSIsInR5cCI6IndpbXNlLXByb29mK2\
p3dCJ9.eyJhdGgiOiJDTDR3amZwUm1OZi1iZFlJYllMblY5ZDVyTUFSR3dLWUUxMHdVd\
3pDMGpJIiwiYXVkIjoiaHR0cHM6Ly93b3JrbG9hZC5leGFtcGxlLmNvbS9wYXRoIiwiZ\
XhwIjoxNzUxODg5OTAwLCJqdGkiOiI3MWU3OTZhMmRjMmRjMjVhNWI3NGIyZTEyOTcwN\
WUyNyIsIm90aCI6eyJYLVNlc3Npb24tVG9rZW4iOiI5UEE3YlVZUmZMazVXWThUaDc4c\
HBJQ1pMREFiTm85QzZtRjhzdkI5YlR3In0sInR0aCI6IkFSNVB6eVlYdEc5dTVvQnJ3N\
nJlano3NW1VVGlNb09raVhIR0NxZXFDeVkifQ.3eqBAAHBayU-MT1wOW8-T2hvemOQWH\
CLKMfMtOuv0tzjPOnEOpvy3aaeywJLp6LhpLPT_AsxMLVrd2-tov1kCA

{"do stuff":"please"}