=============== NOTE: '\' line wrapping per RFC 8792 ================

HTTP/1.1 404 Not Found
Connection: close
Content-Digest: sha-256=:47DEQpj8HBSa+/TImW+5JCeuQeRkm5NMpJWZG3hSuFU\
=:
Content-Type: text/plain
Signature: wimse=:MhDGoIfHnZV/0Z7Wu57rleh77FrX2DB4Ezu3dzL9lqiXzmaDcK\
k6Z8i0AszK5UEUZO7RxCTaY9IjToRJS+eIBg==:
Signature-Input: wimse=("@status" "workload-identity-token" "content\
-type" "content-digest" "@method";req "@request-target";req);created\
=1772386884;expires=1772387186;nonce="abcd2222";tag="wimse-workload-\
to-workload"
Workload-Identity-Token: eyJhbGciOiJFZERTQSIsImtpZCI6Imlzc3Vlci1rZXk\
iLCJ0eXAiOiJ3aXQrand0In0.eyJjbmYiOnsiandrIjp7ImFsZyI6IkVkRFNBIiwiY3J\
2IjoiRWQyNTUxOSIsImtpZCI6InN2Yy1iLWtleSIsImt0eSI6Ik9LUCIsIngiOiJmdVl\
Ec2stWkdfb2wtOE55dnFLd1YzRUl5bXlnUnRDSmNxclJHXzFKdm0wIn19LCJleHAiOjE\
3NzIzODcxODYsImlhdCI6MTc3MjM4Njg4NiwiaXNzIjoiaHR0cHM6Ly9leGFtcGxlLmN\
vbS9pc3N1ZXIiLCJqdGkiOiJ3aXQtMTc3MjM4Njg4NDc5NzE2MjAwMCIsInN1YiI6Ind\
pbXNlOi8vZXhhbXBsZS5jb20vc3ZjQiJ9.lqWjoau6GlkwykzHC6M1TdIgziPVlSlVnU\
e9uUzcsEQEAhYdI2tpmeV60szmLW-ignonrI1buZCKJDhW2QdDDQ

No ice cream today.

