=============== NOTE: '\' line wrapping per RFC 8792 ================

POST /path HTTP/1.1
Host: workload.example.com
Content-Type: application/json
Authorization: Bearer 16_mAd0GiwaZokU26_0902100
Workload-Identity-Token: eyJhbGciOiJFUzI1NiIsImtpZCI6Ikp1bmUgNSIsInR\
5cCI6IndpdCtqd3QifQ.eyJjbmYiOnsiandrIjp7ImFsZyI6IkVkRFNBIiwiY3J2Ijoi\
RWQyNTUxOSIsImt0eSI6Ik9LUCIsIngiOiIxQ1hYdmZsTl9MVlZzSXNZWHNVdkIwM0pt\
bEdXZUNIcVFWdW91Q0Y5MmJnIn19LCJleHAiOjE3NDU1MTI1MTAsImlhdCI6MTc0NTUw\
ODkxMCwianRpIjoieC1fMUNUTDJjY2EzQ1NFNGN3Yl9sIiwic3ViIjoid2ltc2U6Ly9l\
eGFtcGxlLmNvbS9zcGVjaWZpYy13b3JrbG9hZCJ9.6KraSQUxWdl9dxFQ3Fj6dPY0Vi8\
8OkwFwZpAIOhLeq6AbXAnLLQgOp8U9UDGcBuYF3KiNv6oKQD1ZWAzrMZOJw
Workload-Proof-Token: eyJhbGciOiJFZERTQSIsInR5cCI6IndwdCtqd3QifQ.eyJ\
hdGgiOiJDTDR3amZwUm1OZi1iZFlJYllMblY5ZDVyTUFSR3dLWUUxMHdVd3pDMGpJIiw\
iYXVkIjoiaHR0cHM6Ly93b3JrbG9hZC5leGFtcGxlLmNvbS9wYXRoIiwiZXhwIjoxNzQ\
1NTEwMDE2LCJqdGkiOiJfX2J3YzRFU0MzYWNjMkxUQzEtX3giLCJ3dGgiOiJBYVlVZkM\
zNEQxZGkyRnhRTHBpSUpKN1NnOFZaNm84T0Nkd1NmOUlUb0xnIn0.PI7d9AcYhLoEgPg\
bJvcM132lkBKnM1NXU-5hZUzVTIyj2dRJaTLFs6e5NYv5gg6AqcV7NvkYCwfgMgWasWQ\
zCA

{"do stuff":"please"}
